<?xml version="1.0" encoding="UTF-8"?>
<!-- Generated by org.testng.reporters.JUnitReportReporter -->
<testsuite hostname="Mitul" failures="0" tests="1" name="com.tutorialsninja.demo.testsuite.DesktopsTest" time="21.060" errors="0" timestamp="2023-12-12T21:56:31 GMT" skipped="0">
  <testcase classname="com.tutorialsninja.demo.testsuite.DesktopsTest" name="verifyProduct2AddedToShoppingCartSuccessFully" time="21.060"/>
</testsuite> <!-- com.tutorialsninja.demo.testsuite.DesktopsTest -->
